<?xml version="1.0" encoding="UTF-8"?>
<testsuite name="org.faddy.community_feed.auth.domain.PasswordTest" tests="3" skipped="0" failures="0" errors="0" timestamp="2025-04-21T08:37:37" hostname="Ahns-MacBook-Air.local" time="0.012">
  <properties/>
  <testcase name="givenPassword_whenMatchNullPassword_thenReturnFalse()" classname="org.faddy.community_feed.auth.domain.PasswordTest" time="0.003"/>
  <testcase name="givenPassword_whenMatchSamePassword_thenReturnTrue()" classname="org.faddy.community_feed.auth.domain.PasswordTest" time="0.001"/>
  <testcase name="givenPassword_whenMatchDiffPassword_thenReturnTrue()" classname="org.faddy.community_feed.auth.domain.PasswordTest" time="0.003"/>
  <system-out><![CDATA[]]></system-out>
  <system-err><![CDATA[]]></system-err>
</testsuite>
