<?xml version="1.0" encoding="UTF-8"?>
<testsuite name="org.faddy.community_feed.post.domain.content.DatetimeInfoTest" tests="1" skipped="0" failures="0" errors="0" timestamp="2025-04-21T08:37:38" hostname="Ahns-MacBook-Air.local" time="0.001">
  <properties/>
  <testcase name="givenCreatedWhenUpdateThenEditedTrueAndTimeIsUpdated()" classname="org.faddy.community_feed.post.domain.content.DatetimeInfoTest" time="0.001"/>
  <system-out><![CDATA[]]></system-out>
  <system-err><![CDATA[]]></system-err>
</testsuite>
