<?xml version="1.0" encoding="UTF-8"?>
<testsuite name="org.faddy.community_feed.post.application.CommentServiceTest" tests="5" skipped="0" failures="0" errors="0" timestamp="2025-04-21T08:37:38" hostname="Ahns-MacBook-Air.local" time="0.008">
  <properties/>
  <testcase name="givenCommentWhenLikeCommentThenReturnCommentWithLike()" classname="org.faddy.community_feed.post.application.CommentServiceTest" time="0.001"/>
  <testcase name="givenCreateCommentWhenUpdateCommentThenReturnUpdatedComment()" classname="org.faddy.community_feed.post.application.CommentServiceTest" time="0.001"/>
  <testcase name="givenCreateCommentRequestDtoWhenCreateCommentThenReturnComment()" classname="org.faddy.community_feed.post.application.CommentServiceTest" time="0.001"/>
  <testcase name="givenCommentWhenUnlikeCommentThenReturnCommentWithoutLike()" classname="org.faddy.community_feed.post.application.CommentServiceTest" time="0.001"/>
  <testcase name="givenCommentWhenLikeSelfThenThrowException()" classname="org.faddy.community_feed.post.application.CommentServiceTest" time="0.002"/>
  <system-out><![CDATA[]]></system-out>
  <system-err><![CDATA[]]></system-err>
</testsuite>
