<?xml version="1.0" encoding="UTF-8"?>
<testsuite name="org.faddy.community_feed.post.application.PostServiceTest" tests="6" skipped="0" failures="0" errors="0" timestamp="2025-04-21T08:37:38" hostname="Ahns-MacBook-Air.local" time="0.019">
  <properties/>
  <testcase name="givenCreatedPostWhenUnlikedTwiceThenReturnPostWithoutLike()" classname="org.faddy.community_feed.post.application.PostServiceTest" time="0.001"/>
  <testcase name="givenCreatedPostWhenLikedThenReturnPostWithLike()" classname="org.faddy.community_feed.post.application.PostServiceTest" time="0.0"/>
  <testcase name="givenCreatedPostWhenLikedTwiceThenReturnPostWithLike()" classname="org.faddy.community_feed.post.application.PostServiceTest" time="0.0"/>
  <testcase name="givenCreatedPostWhenUnlikedThenReturnPostWithoutLike()" classname="org.faddy.community_feed.post.application.PostServiceTest" time="0.0"/>
  <testcase name="givenPostRequestDtoWhenCreateThenReturnPost()" classname="org.faddy.community_feed.post.application.PostServiceTest" time="0.0"/>
  <testcase name="givenCreatePostWhenUpdateThenReturnUpdatedPost()" classname="org.faddy.community_feed.post.application.PostServiceTest" time="0.016"/>
  <system-out><![CDATA[]]></system-out>
  <system-err><![CDATA[]]></system-err>
</testsuite>
