<?xml version="1.0" encoding="UTF-8"?>
<testsuite name="org.faddy.community_feed.post.domain.comment.CommentTest" tests="6" skipped="0" failures="0" errors="0" timestamp="2025-04-21T08:37:38" hostname="Ahns-MacBook-Air.local" time="0.018">
  <properties/>
  <testcase name="givenCommentWhenUpdateContentThenContentShouldBeUpdated()" classname="org.faddy.community_feed.post.domain.comment.CommentTest" time="0.0"/>
  <testcase name="givenCommentWhenUpdateContentOver100ThenThrowError()" classname="org.faddy.community_feed.post.domain.comment.CommentTest" time="0.001"/>
  <testcase name="givenCommentWhenLikeThenLikeCountShouldBe1()" classname="org.faddy.community_feed.post.domain.comment.CommentTest" time="0.004"/>
  <testcase name="givenCommentCreatedWhenUnlikeThenLikeCountShouldBe0()" classname="org.faddy.community_feed.post.domain.comment.CommentTest" time="0.0"/>
  <testcase name="givenCommentCreatedAndLikeWhenUnlikeThenLikeCountShouldBe0()" classname="org.faddy.community_feed.post.domain.comment.CommentTest" time="0.0"/>
  <testcase name="givenCommentWhenLikeBySameUserThenLikeCountShouldThrowError()" classname="org.faddy.community_feed.post.domain.comment.CommentTest" time="0.0"/>
  <system-out><![CDATA[]]></system-out>
  <system-err><![CDATA[]]></system-err>
</testsuite>
