<?xml version="1.0" encoding="UTF-8"?>
<testsuite name="org.faddy.community_feed.common.domain.repository.PositiveIntegerCounterTest" tests="3" skipped="0" failures="0" errors="0" timestamp="2025-04-21T08:37:38" hostname="Ahns-MacBook-Air.local" time="0.002">
  <properties/>
  <testcase name="givenCreatedWhenIncreaseThenCountIsOne()" classname="org.faddy.community_feed.common.domain.repository.PositiveIntegerCounterTest" time="0.001"/>
  <testcase name="givenCreatedAndLikedWhenDecreaseThenCountIsOne()" classname="org.faddy.community_feed.common.domain.repository.PositiveIntegerCounterTest" time="0.001"/>
  <testcase name="givenCreatedWhenDecreaseThenCountIsZero()" classname="org.faddy.community_feed.common.domain.repository.PositiveIntegerCounterTest" time="0.0"/>
  <system-out><![CDATA[]]></system-out>
  <system-err><![CDATA[]]></system-err>
</testsuite>
