<?xml version="1.0" encoding="UTF-8"?>
<testsuite name="org.faddy.community_feed.common.domain.PagingTest" tests="2" skipped="0" failures="0" errors="0" timestamp="2025-04-21T08:37:38" hostname="Ahns-MacBook-Air.local" time="0.001">
  <properties/>
  <testcase name="givenPagingIndexIsTwo_whenGetOffset_thenShouldBeReturns10()" classname="org.faddy.community_feed.common.domain.PagingTest" time="0.001"/>
  <testcase name="givenPagingIndexIsOne_whenGetOffset_thenShouldBeReturns0()" classname="org.faddy.community_feed.common.domain.PagingTest" time="0.0"/>
  <system-out><![CDATA[]]></system-out>
  <system-err><![CDATA[]]></system-err>
</testsuite>
