<?xml version="1.0" encoding="UTF-8"?>
<testsuite name="org.faddy.community_feed.post.domain.content.CommentContentTest" tests="8" skipped="0" failures="0" errors="0" timestamp="2025-04-21T08:37:38" hostname="Ahns-MacBook-Air.local" time="0.015">
  <properties/>
  <testcase name="givenContentLengthIsOkWhenCreatePostContentThenNotThrowError()" classname="org.faddy.community_feed.post.domain.content.CommentContentTest" time="0.004"/>
  <testcase name="givenContentLengthIsUnderLimitCreatePostContentThenNotThrowError()" classname="org.faddy.community_feed.post.domain.content.CommentContentTest" time="0.001"/>
  <testcase name="[1] koreanContent=뷁" classname="org.faddy.community_feed.post.domain.content.CommentContentTest" time="0.001"/>
  <testcase name="[2] koreanContent=닭" classname="org.faddy.community_feed.post.domain.content.CommentContentTest" time="0.001"/>
  <testcase name="[3] koreanContent=굵" classname="org.faddy.community_feed.post.domain.content.CommentContentTest" time="0.0"/>
  <testcase name="[1] source=null" classname="org.faddy.community_feed.post.domain.content.CommentContentTest" time="0.0"/>
  <testcase name="[2] source=" classname="org.faddy.community_feed.post.domain.content.CommentContentTest" time="0.001"/>
  <testcase name="givenContentLengthIsOverLimitCreatePostContentThenThrowError()" classname="org.faddy.community_feed.post.domain.content.CommentContentTest" time="0.0"/>
  <system-out><![CDATA[]]></system-out>
  <system-err><![CDATA[]]></system-err>
</testsuite>
