<?xml version="1.0" encoding="UTF-8"?>
<testsuite name="org.faddy.community_feed.acceptance.auth.SignupAcceptanceTest" tests="1" skipped="0" failures="0" errors="0" timestamp="2025-04-17T10:56:35" hostname="Ahns-MacBook-Air.local" time="1.945">
  <properties/>
  <testcase name="givenVerifiedEmail_whenRegisterUser_thenUserRegistered()" classname="org.faddy.community_feed.acceptance.auth.SignupAcceptanceTest" time="1.945"/>
  <system-out><![CDATA[19:56:31.257 [Test worker] INFO org.springframework.test.context.support.AnnotationConfigContextLoaderUtils -- Could not detect default configuration classes for test class [org.faddy.community_feed.acceptance.auth.SignupAcceptanceTest]: SignupAcceptanceTest does not declare any static, non-private, non-final, nested classes annotated with @Configuration.
19:56:31.331 [Test worker] INFO org.springframework.boot.test.context.SpringBootTestContextBootstrapper -- Found @SpringBootConfiguration org.faddy.community_feed.Application for test class org.faddy.community_feed.acceptance.auth.SignupAcceptanceTest

  .   ____          _            __ _ _
 /\\ / ___'_ __ _ _(_)_ __  __ _ \ \ \ \
( ( )\___ | '_ | '_| | '_ \/ _` | \ \ \ \
 \\/  ___)| |_)| | | | | || (_| |  ) ) ) )
  '  |____| .__|_| |_|_| |_\__, | / / / /
 =========|_|==============|___/=/_/_/_/

 :: Spring Boot ::                (v3.3.1)

2025-04-17T19:56:31.692+09:00  INFO 73647 --- [    Test worker] o.f.c.a.auth.SignupAcceptanceTest        : Starting SignupAcceptanceTest using Java 17.0.14 with PID 73647 (started by ahnkwanghyun in /Users/ahnkwanghyun/Documents/dev/community-feed-service)
2025-04-17T19:56:31.693+09:00  INFO 73647 --- [    Test worker] o.f.c.a.auth.SignupAcceptanceTest        : The following 1 profile is active: "test"
2025-04-17T19:56:32.876+09:00  INFO 73647 --- [    Test worker] .s.d.r.c.RepositoryConfigurationDelegate : Bootstrapping Spring Data JPA repositories in DEFAULT mode.
2025-04-17T19:56:32.922+09:00  INFO 73647 --- [    Test worker] .s.d.r.c.RepositoryConfigurationDelegate : Finished Spring Data repository scanning in 41 ms. Found 8 JPA repository interfaces.
2025-04-17T19:56:33.325+09:00  INFO 73647 --- [    Test worker] o.s.b.w.embedded.tomcat.TomcatWebServer  : Tomcat initialized with port 8080 (http)
2025-04-17T19:56:33.332+09:00  INFO 73647 --- [    Test worker] o.apache.catalina.core.StandardService   : Starting service [Tomcat]
2025-04-17T19:56:33.333+09:00  INFO 73647 --- [    Test worker] o.apache.catalina.core.StandardEngine    : Starting Servlet engine: [Apache Tomcat/10.1.25]
2025-04-17T19:56:33.374+09:00  INFO 73647 --- [    Test worker] o.a.c.c.C.[Tomcat].[localhost].[/]       : Initializing Spring embedded WebApplicationContext
2025-04-17T19:56:33.375+09:00  INFO 73647 --- [    Test worker] w.s.c.ServletWebServerApplicationContext : Root WebApplicationContext: initialization completed in 1577 ms
2025-04-17T19:56:33.458+09:00  INFO 73647 --- [    Test worker] o.hibernate.jpa.internal.util.LogHelper  : HHH000204: Processing PersistenceUnitInfo [name: default]
2025-04-17T19:56:33.498+09:00  INFO 73647 --- [    Test worker] org.hibernate.Version                    : HHH000412: Hibernate ORM core version 6.5.2.Final
2025-04-17T19:56:33.519+09:00  INFO 73647 --- [    Test worker] o.h.c.internal.RegionFactoryInitiator    : HHH000026: Second-level cache disabled
2025-04-17T19:56:33.671+09:00  INFO 73647 --- [    Test worker] o.s.o.j.p.SpringPersistenceUnitInfo      : No LoadTimeWeaver setup: ignoring JPA class transformer
2025-04-17T19:56:33.685+09:00  INFO 73647 --- [    Test worker] com.zaxxer.hikari.HikariDataSource       : HikariPool-1 - Starting...
2025-04-17T19:56:33.811+09:00  INFO 73647 --- [    Test worker] com.zaxxer.hikari.pool.HikariPool        : HikariPool-1 - Added connection conn0: url=jdbc:h2:~/test user=SA
2025-04-17T19:56:33.812+09:00  INFO 73647 --- [    Test worker] com.zaxxer.hikari.HikariDataSource       : HikariPool-1 - Start completed.
2025-04-17T19:56:34.574+09:00  INFO 73647 --- [    Test worker] o.h.e.t.j.p.i.JtaPlatformInitiator       : HHH000489: No JTA platform available (set 'hibernate.transaction.jta.platform' to enable JTA platform integration)
Hibernate: 
    drop table if exists community_commnent cascade 
Hibernate: 
    drop table if exists community_email_verification cascade 
Hibernate: 
    drop table if exists community_like cascade 
Hibernate: 
    drop table if exists community_post cascade 
Hibernate: 
    drop table if exists community_user cascade 
Hibernate: 
    drop table if exists community_user_auth cascade 
Hibernate: 
    drop table if exists community_user_relation cascade 
Hibernate: 
    create table community_commnent (
        like_count integer,
        author_id bigint,
        id bigint generated by default as identity,
        post_id bigint,
        reg_dt timestamp(6),
        upd_dt timestamp(6),
        content varchar(255),
        primary key (id)
    )
Hibernate: 
    create table community_email_verification (
        is_verified boolean not null,
        id bigint generated by default as identity,
        reg_dt timestamp(6),
        upd_dt timestamp(6),
        email varchar(255),
        token varchar(255),
        primary key (id)
    )
Hibernate: 
    create table community_like (
        reg_dt timestamp(6),
        target_id bigint not null,
        upd_dt timestamp(6),
        user_id bigint not null,
        target_type varchar(255) not null,
        primary key (target_id, user_id, target_type)
    )
Hibernate: 
    create table community_post (
        comment_counter integer default 0 not null,
        like_count integer,
        author_id bigint,
        id bigint generated by default as identity,
        reg_dt timestamp(6),
        upd_dt timestamp(6),
        content varchar(255),
        state varchar(255),
        primary key (id)
    )
Hibernate: 
    create table community_user (
        follower_count integer,
        following_count integer,
        id bigint generated by default as identity,
        reg_dt timestamp(6),
        upd_dt timestamp(6),
        name varchar(255),
        profile_image varchar(255),
        primary key (id)
    )
Hibernate: 
    create table community_user_auth (
        user_id bigint,
        email varchar(255) not null,
        password varchar(255),
        role varchar(255),
        primary key (email)
    )
Hibernate: 
    create table community_user_relation (
        follower_user_id bigint not null,
        following_user_id bigint not null,
        reg_dt timestamp(6),
        upd_dt timestamp(6),
        primary key (follower_user_id, following_user_id)
    )
2025-04-17T19:56:34.602+09:00  INFO 73647 --- [    Test worker] j.LocalContainerEntityManagerFactoryBean : Initialized JPA EntityManagerFactory for persistence unit 'default'
2025-04-17T19:56:34.807+09:00  INFO 73647 --- [    Test worker] o.s.d.j.r.query.QueryEnhancerFactory     : Hibernate is in classpath; If applicable, HQL parser will be used.
2025-04-17T19:56:35.427+09:00  INFO 73647 --- [    Test worker] o.s.b.w.embedded.tomcat.TomcatWebServer  : Tomcat started on port 8080 (http) with context path '/'
2025-04-17T19:56:35.433+09:00  INFO 73647 --- [    Test worker] o.f.c.a.auth.SignupAcceptanceTest        : Started SignupAcceptanceTest in 3.893 seconds (process running for 4.659)
Hibernate: 
    
SET
    REFERENTIAL_INTEGRITY FALSE
Hibernate: 
    TRUNCATE TABLE community_user_auth
Hibernate: 
    TRUNCATE TABLE community_like
Hibernate: 
    TRUNCATE TABLE community_user
Hibernate: 
    ALTER TABLE community_user ALTER COLUMN ID RESTART WITH 1
Hibernate: 
    TRUNCATE TABLE community_post
Hibernate: 
    ALTER TABLE community_post ALTER COLUMN ID RESTART WITH 1
Hibernate: 
    TRUNCATE TABLE community_user_relation
Hibernate: 
    TRUNCATE TABLE community_commnent
Hibernate: 
    ALTER TABLE community_commnent ALTER COLUMN ID RESTART WITH 1
Hibernate: 
    TRUNCATE TABLE community_email_verification
Hibernate: 
    ALTER TABLE community_email_verification ALTER COLUMN ID RESTART WITH 1
Hibernate: 
    
SET
    REFERENTIAL_INTEGRITY TRUE
2025-04-17T19:56:36.439+09:00  INFO 73647 --- [nio-8080-exec-1] o.a.c.c.C.[Tomcat].[localhost].[/]       : Initializing Spring DispatcherServlet 'dispatcherServlet'
2025-04-17T19:56:36.439+09:00  INFO 73647 --- [nio-8080-exec-1] o.s.web.servlet.DispatcherServlet        : Initializing Servlet 'dispatcherServlet'
2025-04-17T19:56:36.440+09:00  INFO 73647 --- [nio-8080-exec-1] o.s.web.servlet.DispatcherServlet        : Completed initialization in 1 ms
Hibernate: 
    select
        eve1_0.id,
        eve1_0.email,
        eve1_0.is_verified,
        eve1_0.reg_dt,
        eve1_0.token,
        eve1_0.upd_dt 
    from
        community_email_verification eve1_0 
    where
        eve1_0.email=?
Hibernate: 
    insert 
    into
        community_email_verification
        (email, is_verified, reg_dt, token, upd_dt, id) 
    values
        (?, ?, ?, ?, ?, default)
Hibernate: 
    SELECT
        token 
    FROM
        community_email_verification 
    WHERE
        email = ?
Hibernate: 
    select
        eve1_0.id,
        eve1_0.email,
        eve1_0.is_verified,
        eve1_0.reg_dt,
        eve1_0.token,
        eve1_0.upd_dt 
    from
        community_email_verification eve1_0 
    where
        eve1_0.email=?
Hibernate: 
    update
        community_email_verification 
    set
        email=?,
        is_verified=?,
        token=?,
        upd_dt=? 
    where
        id=?
Hibernate: 
    select
        eve1_0.id,
        eve1_0.email,
        eve1_0.is_verified,
        eve1_0.reg_dt,
        eve1_0.token,
        eve1_0.upd_dt 
    from
        community_email_verification eve1_0 
    where
        eve1_0.email=?
entity.getId() = null
Hibernate: 
    insert 
    into
        community_user
        (follower_count, following_count, name, profile_image, reg_dt, upd_dt, id) 
    values
        (?, ?, ?, ?, ?, ?, default)
entity.getId() = 1
Hibernate: 
    select
        uae1_0.email,
        uae1_0.password,
        uae1_0.role,
        uae1_0.user_id 
    from
        community_user_auth uae1_0 
    where
        uae1_0.email=?
Hibernate: 
    insert 
    into
        community_user_auth
        (password, role, user_id, email) 
    values
        (?, ?, ?, ?)
Hibernate: 
    select
        eve1_0.id,
        eve1_0.email,
        eve1_0.is_verified,
        eve1_0.reg_dt,
        eve1_0.token,
        eve1_0.upd_dt 
    from
        community_email_verification eve1_0 
    where
        eve1_0.email=?
Hibernate: 
    insert 
    into
        community_email_verification
        (email, is_verified, reg_dt, token, upd_dt, id) 
    values
        (?, ?, ?, ?, ?, default)
Hibernate: 
    SELECT
        token 
    FROM
        community_email_verification 
    WHERE
        email = ?
Hibernate: 
    select
        eve1_0.id,
        eve1_0.email,
        eve1_0.is_verified,
        eve1_0.reg_dt,
        eve1_0.token,
        eve1_0.upd_dt 
    from
        community_email_verification eve1_0 
    where
        eve1_0.email=?
Hibernate: 
    update
        community_email_verification 
    set
        email=?,
        is_verified=?,
        token=?,
        upd_dt=? 
    where
        id=?
Hibernate: 
    select
        eve1_0.id,
        eve1_0.email,
        eve1_0.is_verified,
        eve1_0.reg_dt,
        eve1_0.token,
        eve1_0.upd_dt 
    from
        community_email_verification eve1_0 
    where
        eve1_0.email=?
entity.getId() = null
Hibernate: 
    insert 
    into
        community_user
        (follower_count, following_count, name, profile_image, reg_dt, upd_dt, id) 
    values
        (?, ?, ?, ?, ?, ?, default)
entity.getId() = 2
Hibernate: 
    select
        uae1_0.email,
        uae1_0.password,
        uae1_0.role,
        uae1_0.user_id 
    from
        community_user_auth uae1_0 
    where
        uae1_0.email=?
Hibernate: 
    insert 
    into
        community_user_auth
        (password, role, user_id, email) 
    values
        (?, ?, ?, ?)
Hibernate: 
    select
        eve1_0.id,
        eve1_0.email,
        eve1_0.is_verified,
        eve1_0.reg_dt,
        eve1_0.token,
        eve1_0.upd_dt 
    from
        community_email_verification eve1_0 
    where
        eve1_0.email=?
Hibernate: 
    insert 
    into
        community_email_verification
        (email, is_verified, reg_dt, token, upd_dt, id) 
    values
        (?, ?, ?, ?, ?, default)
Hibernate: 
    SELECT
        token 
    FROM
        community_email_verification 
    WHERE
        email = ?
Hibernate: 
    select
        eve1_0.id,
        eve1_0.email,
        eve1_0.is_verified,
        eve1_0.reg_dt,
        eve1_0.token,
        eve1_0.upd_dt 
    from
        community_email_verification eve1_0 
    where
        eve1_0.email=?
Hibernate: 
    update
        community_email_verification 
    set
        email=?,
        is_verified=?,
        token=?,
        upd_dt=? 
    where
        id=?
Hibernate: 
    select
        eve1_0.id,
        eve1_0.email,
        eve1_0.is_verified,
        eve1_0.reg_dt,
        eve1_0.token,
        eve1_0.upd_dt 
    from
        community_email_verification eve1_0 
    where
        eve1_0.email=?
entity.getId() = null
Hibernate: 
    insert 
    into
        community_user
        (follower_count, following_count, name, profile_image, reg_dt, upd_dt, id) 
    values
        (?, ?, ?, ?, ?, ?, default)
entity.getId() = 3
Hibernate: 
    select
        uae1_0.email,
        uae1_0.password,
        uae1_0.role,
        uae1_0.user_id 
    from
        community_user_auth uae1_0 
    where
        uae1_0.email=?
Hibernate: 
    insert 
    into
        community_user_auth
        (password, role, user_id, email) 
    values
        (?, ?, ?, ?)
Hibernate: 
    select
        ue1_0.id,
        ue1_0.follower_count,
        ue1_0.following_count,
        ue1_0.name,
        ue1_0.profile_image,
        ue1_0.reg_dt,
        ue1_0.upd_dt 
    from
        community_user ue1_0 
    where
        ue1_0.id=?
Hibernate: 
    select
        ue1_0.id,
        ue1_0.follower_count,
        ue1_0.following_count,
        ue1_0.name,
        ue1_0.profile_image,
        ue1_0.reg_dt,
        ue1_0.upd_dt 
    from
        community_user ue1_0 
    where
        ue1_0.id=?
Hibernate: 
    select
        count(*) 
    from
        community_user_relation ure1_0 
    where
        ure1_0.follower_user_id=? 
        and ure1_0.following_user_id=?
Hibernate: 
    select
        ure1_0.follower_user_id,
        ure1_0.following_user_id,
        ure1_0.reg_dt,
        ure1_0.upd_dt 
    from
        community_user_relation ure1_0 
    where
        (
            ure1_0.follower_user_id, ure1_0.following_user_id
        ) in ((?, ?))
Hibernate: 
    select
        ue1_0.id,
        ue1_0.follower_count,
        ue1_0.following_count,
        ue1_0.name,
        ue1_0.profile_image,
        ue1_0.reg_dt,
        ue1_0.upd_dt 
    from
        community_user ue1_0 
    where
        ue1_0.id=?
Hibernate: 
    select
        ue1_0.id,
        ue1_0.follower_count,
        ue1_0.following_count,
        ue1_0.name,
        ue1_0.profile_image,
        ue1_0.reg_dt,
        ue1_0.upd_dt 
    from
        community_user ue1_0 
    where
        ue1_0.id=?
Hibernate: 
    select
        pe1_0.id,
        pe1_0.author_id,
        pe1_0.comment_counter,
        pe1_0.content,
        pe1_0.like_count,
        pe1_0.reg_dt,
        pe1_0.state,
        pe1_0.upd_dt 
    from
        community_post pe1_0 
    where
        pe1_0.author_id=?
Hibernate: 
    insert 
    into
        community_user_relation
        (reg_dt, upd_dt, follower_user_id, following_user_id) 
    values
        (?, ?, ?, ?)
Hibernate: 
    update
        community_user 
    set
        follower_count=?,
        following_count=?,
        name=?,
        profile_image=?,
        upd_dt=? 
    where
        id=?
Hibernate: 
    update
        community_user 
    set
        follower_count=?,
        following_count=?,
        name=?,
        profile_image=?,
        upd_dt=? 
    where
        id=?
Hibernate: 
    select
        ue1_0.id,
        ue1_0.follower_count,
        ue1_0.following_count,
        ue1_0.name,
        ue1_0.profile_image,
        ue1_0.reg_dt,
        ue1_0.upd_dt 
    from
        community_user ue1_0 
    where
        ue1_0.id=?
Hibernate: 
    select
        ue1_0.id,
        ue1_0.follower_count,
        ue1_0.following_count,
        ue1_0.name,
        ue1_0.profile_image,
        ue1_0.reg_dt,
        ue1_0.upd_dt 
    from
        community_user ue1_0 
    where
        ue1_0.id=?
Hibernate: 
    select
        count(*) 
    from
        community_user_relation ure1_0 
    where
        ure1_0.follower_user_id=? 
        and ure1_0.following_user_id=?
Hibernate: 
    select
        ure1_0.follower_user_id,
        ure1_0.following_user_id,
        ure1_0.reg_dt,
        ure1_0.upd_dt 
    from
        community_user_relation ure1_0 
    where
        (
            ure1_0.follower_user_id, ure1_0.following_user_id
        ) in ((?, ?))
Hibernate: 
    select
        ue1_0.id,
        ue1_0.follower_count,
        ue1_0.following_count,
        ue1_0.name,
        ue1_0.profile_image,
        ue1_0.reg_dt,
        ue1_0.upd_dt 
    from
        community_user ue1_0 
    where
        ue1_0.id=?
Hibernate: 
    select
        ue1_0.id,
        ue1_0.follower_count,
        ue1_0.following_count,
        ue1_0.name,
        ue1_0.profile_image,
        ue1_0.reg_dt,
        ue1_0.upd_dt 
    from
        community_user ue1_0 
    where
        ue1_0.id=?
Hibernate: 
    select
        pe1_0.id,
        pe1_0.author_id,
        pe1_0.comment_counter,
        pe1_0.content,
        pe1_0.like_count,
        pe1_0.reg_dt,
        pe1_0.state,
        pe1_0.upd_dt 
    from
        community_post pe1_0 
    where
        pe1_0.author_id=?
Hibernate: 
    insert 
    into
        community_user_relation
        (reg_dt, upd_dt, follower_user_id, following_user_id) 
    values
        (?, ?, ?, ?)
Hibernate: 
    update
        community_user 
    set
        follower_count=?,
        following_count=?,
        name=?,
        profile_image=?,
        upd_dt=? 
    where
        id=?
Hibernate: 
    update
        community_user 
    set
        follower_count=?,
        following_count=?,
        name=?,
        profile_image=?,
        upd_dt=? 
    where
        id=?
Hibernate: 
    
SET
    REFERENTIAL_INTEGRITY FALSE
Hibernate: 
    TRUNCATE TABLE community_user_auth
Hibernate: 
    TRUNCATE TABLE community_like
Hibernate: 
    TRUNCATE TABLE community_user
Hibernate: 
    ALTER TABLE community_user ALTER COLUMN ID RESTART WITH 1
Hibernate: 
    TRUNCATE TABLE community_post
Hibernate: 
    ALTER TABLE community_post ALTER COLUMN ID RESTART WITH 1
Hibernate: 
    TRUNCATE TABLE community_user_relation
Hibernate: 
    TRUNCATE TABLE community_commnent
Hibernate: 
    ALTER TABLE community_commnent ALTER COLUMN ID RESTART WITH 1
Hibernate: 
    TRUNCATE TABLE community_email_verification
Hibernate: 
    ALTER TABLE community_email_verification ALTER COLUMN ID RESTART WITH 1
Hibernate: 
    
SET
    REFERENTIAL_INTEGRITY TRUE
Hibernate: 
    select
        eve1_0.id,
        eve1_0.email,
        eve1_0.is_verified,
        eve1_0.reg_dt,
        eve1_0.token,
        eve1_0.upd_dt 
    from
        community_email_verification eve1_0 
    where
        eve1_0.email=?
Hibernate: 
    insert 
    into
        community_email_verification
        (email, is_verified, reg_dt, token, upd_dt, id) 
    values
        (?, ?, ?, ?, ?, default)
Hibernate: 
    SELECT
        token 
    FROM
        community_email_verification 
    WHERE
        email = ?
Hibernate: 
    select
        eve1_0.id,
        eve1_0.email,
        eve1_0.is_verified,
        eve1_0.reg_dt,
        eve1_0.token,
        eve1_0.upd_dt 
    from
        community_email_verification eve1_0 
    where
        eve1_0.email=?
Hibernate: 
    update
        community_email_verification 
    set
        email=?,
        is_verified=?,
        token=?,
        upd_dt=? 
    where
        id=?
Hibernate: 
    select
        eve1_0.id,
        eve1_0.email,
        eve1_0.is_verified,
        eve1_0.reg_dt,
        eve1_0.token,
        eve1_0.upd_dt 
    from
        community_email_verification eve1_0 
    where
        eve1_0.email=?
entity.getId() = null
Hibernate: 
    insert 
    into
        community_user
        (follower_count, following_count, name, profile_image, reg_dt, upd_dt, id) 
    values
        (?, ?, ?, ?, ?, ?, default)
entity.getId() = 1
Hibernate: 
    select
        uae1_0.email,
        uae1_0.password,
        uae1_0.role,
        uae1_0.user_id 
    from
        community_user_auth uae1_0 
    where
        uae1_0.email=?
Hibernate: 
    insert 
    into
        community_user_auth
        (password, role, user_id, email) 
    values
        (?, ?, ?, ?)
]]></system-out>
  <system-err><![CDATA[]]></system-err>
</testsuite>
