<?xml version="1.0" encoding="UTF-8"?>
<testsuite name="org.faddy.community_feed.user.domain.UserTest" tests="6" skipped="0" failures="0" errors="0" timestamp="2025-04-21T08:37:38" hostname="Ahns-MacBook-Air.local" time="0.002">
  <properties/>
  <testcase name="givenUser1FollowUser2WhenUser1UnfollowUser2ThenReturnZero()" classname="org.faddy.community_feed.user.domain.UserTest" time="0.0"/>
  <testcase name="givenUser1WhenFollowUser2ThenUser1IncreaseFollowingCountUser2IncreaseFollowerCount()" classname="org.faddy.community_feed.user.domain.UserTest" time="0.001"/>
  <testcase name="givenOneUserWhenFollowSameUserThenThrowError()" classname="org.faddy.community_feed.user.domain.UserTest" time="0.0"/>
  <testcase name="givenOneUserWhenUnfollowSameUserThenThrowError()" classname="org.faddy.community_feed.user.domain.UserTest" time="0.001"/>
  <testcase name="whenUser1UnfollowUser2ThenAllCountZero()" classname="org.faddy.community_feed.user.domain.UserTest" time="0.0"/>
  <testcase name="givenCreateSameIdUserWhenEqualSameIdThenReturnTrue()" classname="org.faddy.community_feed.user.domain.UserTest" time="0.0"/>
  <system-out><![CDATA[]]></system-out>
  <system-err><![CDATA[]]></system-err>
</testsuite>
